<?xml version="1.0" encoding="UTF-8"?>
<testsuite xmlns:xsi="http://www.w3.org/2001/XMLSchema-instance" xsi:noNamespaceSchemaLocation="https://maven.apache.org/surefire/maven-surefire-plugin/xsd/surefire-test-report.xsd" name="uk.gov.gchq.palisade.integrationtests.HadoopResourceServiceTest" time="12.972" tests="12" errors="0" skipped="0" failures="0">
  <properties>
    <property name="awt.toolkit" value="sun.awt.X11.XToolkit"/>
    <property name="java.specification.version" value="11"/>
    <property name="sun.cpu.isalist" value=""/>
    <property name="sun.jnu.encoding" value="UTF-8"/>
    <property name="java.class.path" value="/mnt/c/dev/palisade-integration-tests/resource-service-test/target/test-classes:/mnt/c/dev/palisade-integration-tests/resource-service-test/target/classes:/home/lassiter_at/.m2/repository/uk/gov/gchq/palisade/resource-service/0.4.0-SNAPSHOT/resource-service-0.4.0-SNAPSHOT.jar:/home/lassiter_at/.m2/repository/org/springframework/boot/spring-boot-starter/2.1.8.RELEASE/spring-boot-starter-2.1.8.RELEASE.jar:/home/lassiter_at/.m2/repository/org/springframework/boot/spring-boot/2.1.8.RELEASE/spring-boot-2.1.8.RELEASE.jar:/home/lassiter_at/.m2/repository/org/springframework/spring-context/5.1.9.RELEASE/spring-context-5.1.9.RELEASE.jar:/home/lassiter_at/.m2/repository/org/springframework/boot/spring-boot-autoconfigure/2.1.8.RELEASE/spring-boot-autoconfigure-2.1.8.RELEASE.jar:/home/lassiter_at/.m2/repository/org/springframework/boot/spring-boot-starter-logging/2.1.8.RELEASE/spring-boot-starter-logging-2.1.8.RELEASE.jar:/home/lassiter_at/.m2/repository/ch/qos/logback/logback-classic/1.2.3/logback-classic-1.2.3.jar:/home/lassiter_at/.m2/repository/ch/qos/logback/logback-core/1.2.3/logback-core-1.2.3.jar:/home/lassiter_at/.m2/repository/org/apache/logging/log4j/log4j-to-slf4j/2.11.2/log4j-to-slf4j-2.11.2.jar:/home/lassiter_at/.m2/repository/org/apache/logging/log4j/log4j-api/2.11.2/log4j-api-2.11.2.jar:/home/lassiter_at/.m2/repository/org/slf4j/jul-to-slf4j/1.7.28/jul-to-slf4j-1.7.28.jar:/home/lassiter_at/.m2/repository/javax/annotation/javax.annotation-api/1.3.2/javax.annotation-api-1.3.2.jar:/home/lassiter_at/.m2/repository/org/springframework/spring-core/5.1.9.RELEASE/spring-core-5.1.9.RELEASE.jar:/home/lassiter_at/.m2/repository/org/springframework/spring-jcl/5.1.9.RELEASE/spring-jcl-5.1.9.RELEASE.jar:/home/lassiter_at/.m2/repository/org/yaml/snakeyaml/1.23/snakeyaml-1.23.jar:/home/lassiter_at/.m2/repository/org/springframework/boot/spring-boot-starter-web/2.1.8.RELEASE/spring-boot-starter-web-2.1.8.RELEASE.jar:/home/lassiter_at/.m2/repository/org/springframework/boot/spring-boot-starter-json/2.1.8.RELEASE/spring-boot-starter-json-2.1.8.RELEASE.jar:/home/lassiter_at/.m2/repository/com/fasterxml/jackson/module/jackson-module-parameter-names/2.9.9/jackson-module-parameter-names-2.9.9.jar:/home/lassiter_at/.m2/repository/org/springframework/boot/spring-boot-starter-tomcat/2.1.8.RELEASE/spring-boot-starter-tomcat-2.1.8.RELEASE.jar:/home/lassiter_at/.m2/repository/org/apache/tomcat/embed/tomcat-embed-core/9.0.24/tomcat-embed-core-9.0.24.jar:/home/lassiter_at/.m2/repository/org/apache/tomcat/embed/tomcat-embed-el/9.0.24/tomcat-embed-el-9.0.24.jar:/home/lassiter_at/.m2/repository/org/apache/tomcat/embed/tomcat-embed-websocket/9.0.24/tomcat-embed-websocket-9.0.24.jar:/home/lassiter_at/.m2/repository/org/hibernate/validator/hibernate-validator/6.0.17.Final/hibernate-validator-6.0.17.Final.jar:/home/lassiter_at/.m2/repository/javax/validation/validation-api/2.0.1.Final/validation-api-2.0.1.Final.jar:/home/lassiter_at/.m2/repository/org/jboss/logging/jboss-logging/3.3.3.Final/jboss-logging-3.3.3.Final.jar:/home/lassiter_at/.m2/repository/com/fasterxml/classmate/1.4.0/classmate-1.4.0.jar:/home/lassiter_at/.m2/repository/org/springframework/spring-web/5.1.9.RELEASE/spring-web-5.1.9.RELEASE.jar:/home/lassiter_at/.m2/repository/org/springframework/spring-beans/5.1.9.RELEASE/spring-beans-5.1.9.RELEASE.jar:/home/lassiter_at/.m2/repository/org/springframework/spring-webmvc/5.1.9.RELEASE/spring-webmvc-5.1.9.RELEASE.jar:/home/lassiter_at/.m2/repository/org/springframework/spring-aop/5.1.9.RELEASE/spring-aop-5.1.9.RELEASE.jar:/home/lassiter_at/.m2/repository/org/springframework/spring-expression/5.1.9.RELEASE/spring-expression-5.1.9.RELEASE.jar:/home/lassiter_at/.m2/repository/org/springframework/boot/spring-boot-starter-actuator/2.1.8.RELEASE/spring-boot-starter-actuator-2.1.8.RELEASE.jar:/home/lassiter_at/.m2/repository/org/springframework/boot/spring-boot-actuator-autoconfigure/2.1.8.RELEASE/spring-boot-actuator-autoconfigure-2.1.8.RELEASE.jar:/home/lassiter_at/.m2/repository/org/springframework/boot/spring-boot-actuator/2.1.8.RELEASE/spring-boot-actuator-2.1.8.RELEASE.jar:/home/lassiter_at/.m2/repository/io/micrometer/micrometer-core/1.1.6/micrometer-core-1.1.6.jar:/home/lassiter_at/.m2/repository/org/hdrhistogram/HdrHistogram/2.1.9/HdrHistogram-2.1.9.jar:/home/lassiter_at/.m2/repository/org/latencyutils/LatencyUtils/2.0.3/LatencyUtils-2.0.3.jar:/home/lassiter_at/.m2/repository/uk/gov/gchq/palisade/palisade-service/0.4.0-SNAPSHOT/palisade-service-0.4.0-SNAPSHOT.jar:/home/lassiter_at/.m2/repository/org/springframework/cloud/spring-cloud-starter-openfeign/2.1.3.RELEASE/spring-cloud-starter-openfeign-2.1.3.RELEASE.jar:/home/lassiter_at/.m2/repository/org/springframework/cloud/spring-cloud-starter/2.1.3.RELEASE/spring-cloud-starter-2.1.3.RELEASE.jar:/home/lassiter_at/.m2/repository/org/springframework/security/spring-security-rsa/1.0.7.RELEASE/spring-security-rsa-1.0.7.RELEASE.jar:/home/lassiter_at/.m2/repository/org/bouncycastle/bcpkix-jdk15on/1.60/bcpkix-jdk15on-1.60.jar:/home/lassiter_at/.m2/repository/org/bouncycastle/bcprov-jdk15on/1.60/bcprov-jdk15on-1.60.jar:/home/lassiter_at/.m2/repository/org/springframework/cloud/spring-cloud-openfeign-core/2.1.3.RELEASE/spring-cloud-openfeign-core-2.1.3.RELEASE.jar:/home/lassiter_at/.m2/repository/org/springframework/cloud/spring-cloud-netflix-ribbon/2.1.3.RELEASE/spring-cloud-netflix-ribbon-2.1.3.RELEASE.jar:/home/lassiter_at/.m2/repository/org/springframework/cloud/spring-cloud-netflix-archaius/2.1.3.RELEASE/spring-cloud-netflix-archaius-2.1.3.RELEASE.jar:/home/lassiter_at/.m2/repository/org/springframework/boot/spring-boot-starter-aop/2.1.8.RELEASE/spring-boot-starter-aop-2.1.8.RELEASE.jar:/home/lassiter_at/.m2/repository/org/aspectj/aspectjweaver/1.9.4/aspectjweaver-1.9.4.jar:/home/lassiter_at/.m2/repository/io/github/openfeign/form/feign-form-spring/3.8.0/feign-form-spring-3.8.0.jar:/home/lassiter_at/.m2/repository/io/github/openfeign/form/feign-form/3.8.0/feign-form-3.8.0.jar:/home/lassiter_at/.m2/repository/commons-fileupload/commons-fileupload/1.4/commons-fileupload-1.4.jar:/home/lassiter_at/.m2/repository/org/springframework/cloud/spring-cloud-commons/2.1.3.RELEASE/spring-cloud-commons-2.1.3.RELEASE.jar:/home/lassiter_at/.m2/repository/org/springframework/security/spring-security-crypto/5.1.6.RELEASE/spring-security-crypto-5.1.6.RELEASE.jar:/home/lassiter_at/.m2/repository/io/github/openfeign/feign-core/10.2.3/feign-core-10.2.3.jar:/home/lassiter_at/.m2/repository/io/github/openfeign/feign-slf4j/10.2.3/feign-slf4j-10.2.3.jar:/home/lassiter_at/.m2/repository/io/github/openfeign/feign-hystrix/10.2.3/feign-hystrix-10.2.3.jar:/home/lassiter_at/.m2/repository/com/netflix/archaius/archaius-core/0.7.6/archaius-core-0.7.6.jar:/home/lassiter_at/.m2/repository/commons-configuration/commons-configuration/1.8/commons-configuration-1.8.jar:/home/lassiter_at/.m2/repository/com/netflix/hystrix/hystrix-core/1.5.18/hystrix-core-1.5.18.jar:/home/lassiter_at/.m2/repository/org/springframework/cloud/spring-cloud-config-client/2.1.4.RELEASE/spring-cloud-config-client-2.1.4.RELEASE.jar:/home/lassiter_at/.m2/repository/org/springframework/cloud/spring-cloud-context/2.1.3.RELEASE/spring-cloud-context-2.1.3.RELEASE.jar:/home/lassiter_at/.m2/repository/org/springframework/cloud/spring-cloud-starter-ribbon/1.4.7.RELEASE/spring-cloud-starter-ribbon-1.4.7.RELEASE.jar:/home/lassiter_at/.m2/repository/org/springframework/cloud/spring-cloud-starter-netflix-ribbon/2.1.3.RELEASE/spring-cloud-starter-netflix-ribbon-2.1.3.RELEASE.jar:/home/lassiter_at/.m2/repository/org/springframework/cloud/spring-cloud-starter-netflix-archaius/2.1.3.RELEASE/spring-cloud-starter-netflix-archaius-2.1.3.RELEASE.jar:/home/lassiter_at/.m2/repository/com/netflix/ribbon/ribbon/2.3.0/ribbon-2.3.0.jar:/home/lassiter_at/.m2/repository/com/netflix/ribbon/ribbon-transport/2.3.0/ribbon-transport-2.3.0.jar:/home/lassiter_at/.m2/repository/io/reactivex/rxnetty-contexts/0.4.9/rxnetty-contexts-0.4.9.jar:/home/lassiter_at/.m2/repository/io/reactivex/rxnetty-servo/0.4.9/rxnetty-servo-0.4.9.jar:/home/lassiter_at/.m2/repository/io/reactivex/rxnetty/0.4.9/rxnetty-0.4.9.jar:/home/lassiter_at/.m2/repository/com/netflix/ribbon/ribbon-core/2.3.0/ribbon-core-2.3.0.jar:/home/lassiter_at/.m2/repository/commons-lang/commons-lang/2.6/commons-lang-2.6.jar:/home/lassiter_at/.m2/repository/com/netflix/ribbon/ribbon-httpclient/2.3.0/ribbon-httpclient-2.3.0.jar:/home/lassiter_at/.m2/repository/com/sun/jersey/contribs/jersey-apache-client4/1.19.1/jersey-apache-client4-1.19.1.jar:/home/lassiter_at/.m2/repository/com/netflix/servo/servo-core/0.12.21/servo-core-0.12.21.jar:/home/lassiter_at/.m2/repository/com/netflix/netflix-commons/netflix-commons-util/0.3.0/netflix-commons-util-0.3.0.jar:/home/lassiter_at/.m2/repository/com/netflix/ribbon/ribbon-loadbalancer/2.3.0/ribbon-loadbalancer-2.3.0.jar:/home/lassiter_at/.m2/repository/com/netflix/netflix-commons/netflix-statistics/0.1.1/netflix-statistics-0.1.1.jar:/home/lassiter_at/.m2/repository/io/reactivex/rxjava/1.3.8/rxjava-1.3.8.jar:/home/lassiter_at/.m2/repository/io/etcd/jetcd-core/0.3.0/jetcd-core-0.3.0.jar:/home/lassiter_at/.m2/repository/io/etcd/jetcd-common/0.3.0/jetcd-common-0.3.0.jar:/home/lassiter_at/.m2/repository/io/etcd/jetcd-resolver/0.3.0/jetcd-resolver-0.3.0.jar:/home/lassiter_at/.m2/repository/io/grpc/grpc-core/1.17.1/grpc-core-1.17.1.jar:/home/lassiter_at/.m2/repository/io/grpc/grpc-context/1.17.1/grpc-context-1.17.1.jar:/home/lassiter_at/.m2/repository/io/opencensus/opencensus-api/0.17.0/opencensus-api-0.17.0.jar:/home/lassiter_at/.m2/repository/io/opencensus/opencensus-contrib-grpc-metrics/0.17.0/opencensus-contrib-grpc-metrics-0.17.0.jar:/home/lassiter_at/.m2/repository/io/grpc/grpc-netty/1.17.1/grpc-netty-1.17.1.jar:/home/lassiter_at/.m2/repository/io/netty/netty-codec-http2/4.1.39.Final/netty-codec-http2-4.1.39.Final.jar:/home/lassiter_at/.m2/repository/io/netty/netty-common/4.1.39.Final/netty-common-4.1.39.Final.jar:/home/lassiter_at/.m2/repository/io/netty/netty-buffer/4.1.39.Final/netty-buffer-4.1.39.Final.jar:/home/lassiter_at/.m2/repository/io/netty/netty-transport/4.1.39.Final/netty-transport-4.1.39.Final.jar:/home/lassiter_at/.m2/repository/io/netty/netty-resolver/4.1.39.Final/netty-resolver-4.1.39.Final.jar:/home/lassiter_at/.m2/repository/io/netty/netty-codec/4.1.39.Final/netty-codec-4.1.39.Final.jar:/home/lassiter_at/.m2/repository/io/netty/netty-handler/4.1.39.Final/netty-handler-4.1.39.Final.jar:/home/lassiter_at/.m2/repository/io/netty/netty-codec-http/4.1.39.Final/netty-codec-http-4.1.39.Final.jar:/home/lassiter_at/.m2/repository/io/netty/netty-handler-proxy/4.1.39.Final/netty-handler-proxy-4.1.39.Final.jar:/home/lassiter_at/.m2/repository/io/netty/netty-codec-socks/4.1.39.Final/netty-codec-socks-4.1.39.Final.jar:/home/lassiter_at/.m2/repository/io/grpc/grpc-protobuf/1.17.1/grpc-protobuf-1.17.1.jar:/home/lassiter_at/.m2/repository/com/google/api/grpc/proto-google-common-protos/1.16.0/proto-google-common-protos-1.16.0.jar:/home/lassiter_at/.m2/repository/io/grpc/grpc-protobuf-lite/1.17.1/grpc-protobuf-lite-1.17.1.jar:/home/lassiter_at/.m2/repository/io/grpc/grpc-stub/1.17.1/grpc-stub-1.17.1.jar:/home/lassiter_at/.m2/repository/io/grpc/grpc-grpclb/1.17.1/grpc-grpclb-1.17.1.jar:/home/lassiter_at/.m2/repository/com/google/protobuf/protobuf-java-util/3.5.1/protobuf-java-util-3.5.1.jar:/home/lassiter_at/.m2/repository/io/fabric8/kubernetes-model/4.1.0/kubernetes-model-4.1.0.jar:/home/lassiter_at/.m2/repository/com/fasterxml/jackson/module/jackson-module-jaxb-annotations/2.9.9/jackson-module-jaxb-annotations-2.9.9.jar:/home/lassiter_at/.m2/repository/io/fabric8/kubernetes-client/4.1.0/kubernetes-client-4.1.0.jar:/home/lassiter_at/.m2/repository/com/squareup/okhttp3/okhttp/3.8.1/okhttp-3.8.1.jar:/home/lassiter_at/.m2/repository/com/squareup/okio/okio/1.13.0/okio-1.13.0.jar:/home/lassiter_at/.m2/repository/com/squareup/okhttp3/logging-interceptor/3.8.1/logging-interceptor-3.8.1.jar:/home/lassiter_at/.m2/repository/com/fasterxml/jackson/dataformat/jackson-dataformat-yaml/2.9.9/jackson-dataformat-yaml-2.9.9.jar:/home/lassiter_at/.m2/repository/io/fabric8/zjsonpatch/0.3.0/zjsonpatch-0.3.0.jar:/home/lassiter_at/.m2/repository/com/github/mifmif/generex/1.0.1/generex-1.0.1.jar:/home/lassiter_at/.m2/repository/dk/brics/automaton/automaton/1.11-8/automaton-1.11-8.jar:/home/lassiter_at/.m2/repository/uk/gov/gchq/palisade/resource-service/0.4.0-SNAPSHOT/resource-service-0.4.0-SNAPSHOT-jar-with-dependencies.jar:/home/lassiter_at/.m2/repository/com/google/guava/guava/28.1-jre/guava-28.1-jre.jar:/home/lassiter_at/.m2/repository/com/google/guava/failureaccess/1.0.1/failureaccess-1.0.1.jar:/home/lassiter_at/.m2/repository/com/google/guava/listenablefuture/9999.0-empty-to-avoid-conflict-with-guava/listenablefuture-9999.0-empty-to-avoid-conflict-with-guava.jar:/home/lassiter_at/.m2/repository/com/google/code/findbugs/jsr305/3.0.2/jsr305-3.0.2.jar:/home/lassiter_at/.m2/repository/org/checkerframework/checker-qual/2.8.1/checker-qual-2.8.1.jar:/home/lassiter_at/.m2/repository/com/google/errorprone/error_prone_annotations/2.3.2/error_prone_annotations-2.3.2.jar:/home/lassiter_at/.m2/repository/com/google/j2objc/j2objc-annotations/1.3/j2objc-annotations-1.3.jar:/home/lassiter_at/.m2/repository/org/codehaus/mojo/animal-sniffer-annotations/1.18/animal-sniffer-annotations-1.18.jar:/home/lassiter_at/.m2/repository/org/apache/commons/commons-lang3/3.8.1/commons-lang3-3.8.1.jar:/home/lassiter_at/.m2/repository/org/apache/hadoop/hadoop-common/3.2.0/hadoop-common-3.2.0.jar:/home/lassiter_at/.m2/repository/org/apache/hadoop/hadoop-annotations/3.2.0/hadoop-annotations-3.2.0.jar:/home/lassiter_at/.m2/repository/commons-cli/commons-cli/1.2/commons-cli-1.2.jar:/home/lassiter_at/.m2/repository/org/apache/commons/commons-math3/3.1.1/commons-math3-3.1.1.jar:/home/lassiter_at/.m2/repository/org/apache/httpcomponents/httpclient/4.5.9/httpclient-4.5.9.jar:/home/lassiter_at/.m2/repository/org/apache/httpcomponents/httpcore/4.4.12/httpcore-4.4.12.jar:/home/lassiter_at/.m2/repository/commons-codec/commons-codec/1.11/commons-codec-1.11.jar:/home/lassiter_at/.m2/repository/commons-io/commons-io/2.5/commons-io-2.5.jar:/home/lassiter_at/.m2/repository/commons-net/commons-net/3.6/commons-net-3.6.jar:/home/lassiter_at/.m2/repository/commons-collections/commons-collections/3.2.2/commons-collections-3.2.2.jar:/home/lassiter_at/.m2/repository/javax/servlet/javax.servlet-api/4.0.1/javax.servlet-api-4.0.1.jar:/home/lassiter_at/.m2/repository/org/eclipse/jetty/jetty-server/9.4.19.v20190610/jetty-server-9.4.19.v20190610.jar:/home/lassiter_at/.m2/repository/org/eclipse/jetty/jetty-http/9.4.19.v20190610/jetty-http-9.4.19.v20190610.jar:/home/lassiter_at/.m2/repository/org/eclipse/jetty/jetty-io/9.4.19.v20190610/jetty-io-9.4.19.v20190610.jar:/home/lassiter_at/.m2/repository/org/eclipse/jetty/jetty-util/9.4.19.v20190610/jetty-util-9.4.19.v20190610.jar:/home/lassiter_at/.m2/repository/org/eclipse/jetty/jetty-servlet/9.4.19.v20190610/jetty-servlet-9.4.19.v20190610.jar:/home/lassiter_at/.m2/repository/org/eclipse/jetty/jetty-security/9.4.19.v20190610/jetty-security-9.4.19.v20190610.jar:/home/lassiter_at/.m2/repository/org/eclipse/jetty/jetty-webapp/9.4.19.v20190610/jetty-webapp-9.4.19.v20190610.jar:/home/lassiter_at/.m2/repository/org/eclipse/jetty/jetty-xml/9.4.19.v20190610/jetty-xml-9.4.19.v20190610.jar:/home/lassiter_at/.m2/repository/javax/servlet/jsp/jsp-api/2.1/jsp-api-2.1.jar:/home/lassiter_at/.m2/repository/com/sun/jersey/jersey-core/1.19/jersey-core-1.19.jar:/home/lassiter_at/.m2/repository/javax/ws/rs/jsr311-api/1.1.1/jsr311-api-1.1.1.jar:/home/lassiter_at/.m2/repository/com/sun/jersey/jersey-servlet/1.19/jersey-servlet-1.19.jar:/home/lassiter_at/.m2/repository/com/sun/jersey/jersey-json/1.19/jersey-json-1.19.jar:/home/lassiter_at/.m2/repository/org/codehaus/jettison/jettison/1.1/jettison-1.1.jar:/home/lassiter_at/.m2/repository/com/sun/xml/bind/jaxb-impl/2.2.3-1/jaxb-impl-2.2.3-1.jar:/home/lassiter_at/.m2/repository/org/codehaus/jackson/jackson-core-asl/1.9.2/jackson-core-asl-1.9.2.jar:/home/lassiter_at/.m2/repository/org/codehaus/jackson/jackson-mapper-asl/1.9.2/jackson-mapper-asl-1.9.2.jar:/home/lassiter_at/.m2/repository/org/codehaus/jackson/jackson-jaxrs/1.9.2/jackson-jaxrs-1.9.2.jar:/home/lassiter_at/.m2/repository/org/codehaus/jackson/jackson-xc/1.9.2/jackson-xc-1.9.2.jar:/home/lassiter_at/.m2/repository/com/sun/jersey/jersey-server/1.19/jersey-server-1.19.jar:/home/lassiter_at/.m2/repository/commons-logging/commons-logging/1.1.3/commons-logging-1.1.3.jar:/home/lassiter_at/.m2/repository/log4j/log4j/1.2.17/log4j-1.2.17.jar:/home/lassiter_at/.m2/repository/commons-beanutils/commons-beanutils/1.9.3/commons-beanutils-1.9.3.jar:/home/lassiter_at/.m2/repository/org/apache/commons/commons-configuration2/2.1.1/commons-configuration2-2.1.1.jar:/home/lassiter_at/.m2/repository/org/apache/commons/commons-text/1.4/commons-text-1.4.jar:/home/lassiter_at/.m2/repository/org/slf4j/slf4j-log4j12/1.7.28/slf4j-log4j12-1.7.28.jar:/home/lassiter_at/.m2/repository/org/apache/avro/avro/1.7.7/avro-1.7.7.jar:/home/lassiter_at/.m2/repository/com/thoughtworks/paranamer/paranamer/2.3/paranamer-2.3.jar:/home/lassiter_at/.m2/repository/org/xerial/snappy/snappy-java/1.0.5/snappy-java-1.0.5.jar:/home/lassiter_at/.m2/repository/com/google/re2j/re2j/1.1/re2j-1.1.jar:/home/lassiter_at/.m2/repository/com/google/protobuf/protobuf-java/2.5.0/protobuf-java-2.5.0.jar:/home/lassiter_at/.m2/repository/com/google/code/gson/gson/2.8.5/gson-2.8.5.jar:/home/lassiter_at/.m2/repository/org/apache/hadoop/hadoop-auth/3.2.0/hadoop-auth-3.2.0.jar:/home/lassiter_at/.m2/repository/com/nimbusds/nimbus-jose-jwt/4.41.1/nimbus-jose-jwt-4.41.1.jar:/home/lassiter_at/.m2/repository/com/github/stephenc/jcip/jcip-annotations/1.0-1/jcip-annotations-1.0-1.jar:/home/lassiter_at/.m2/repository/net/minidev/json-smart/2.3/json-smart-2.3.jar:/home/lassiter_at/.m2/repository/net/minidev/accessors-smart/1.2/accessors-smart-1.2.jar:/home/lassiter_at/.m2/repository/org/ow2/asm/asm/5.0.4/asm-5.0.4.jar:/home/lassiter_at/.m2/repository/org/apache/curator/curator-framework/4.0.1/curator-framework-4.0.1.jar:/home/lassiter_at/.m2/repository/com/jcraft/jsch/0.1.54/jsch-0.1.54.jar:/home/lassiter_at/.m2/repository/org/apache/curator/curator-client/2.12.0/curator-client-2.12.0.jar:/home/lassiter_at/.m2/repository/org/apache/curator/curator-recipes/4.0.1/curator-recipes-4.0.1.jar:/home/lassiter_at/.m2/repository/org/apache/htrace/htrace-core4/4.1.0-incubating/htrace-core4-4.1.0-incubating.jar:/home/lassiter_at/.m2/repository/org/apache/zookeeper/zookeeper/3.4.13/zookeeper-3.4.13.jar:/home/lassiter_at/.m2/repository/jline/jline/0.9.94/jline-0.9.94.jar:/home/lassiter_at/.m2/repository/org/apache/yetus/audience-annotations/0.5.0/audience-annotations-0.5.0.jar:/home/lassiter_at/.m2/repository/io/netty/netty/3.10.6.Final/netty-3.10.6.Final.jar:/home/lassiter_at/.m2/repository/org/apache/commons/commons-compress/1.4.1/commons-compress-1.4.1.jar:/home/lassiter_at/.m2/repository/org/tukaani/xz/1.0/xz-1.0.jar:/home/lassiter_at/.m2/repository/org/apache/kerby/kerb-simplekdc/1.0.1/kerb-simplekdc-1.0.1.jar:/home/lassiter_at/.m2/repository/org/apache/kerby/kerb-client/1.0.1/kerb-client-1.0.1.jar:/home/lassiter_at/.m2/repository/org/apache/kerby/kerby-config/1.0.1/kerby-config-1.0.1.jar:/home/lassiter_at/.m2/repository/org/apache/kerby/kerb-core/1.0.1/kerb-core-1.0.1.jar:/home/lassiter_at/.m2/repository/org/apache/kerby/kerby-pkix/1.0.1/kerby-pkix-1.0.1.jar:/home/lassiter_at/.m2/repository/org/apache/kerby/kerby-asn1/1.0.1/kerby-asn1-1.0.1.jar:/home/lassiter_at/.m2/repository/org/apache/kerby/kerby-util/1.0.1/kerby-util-1.0.1.jar:/home/lassiter_at/.m2/repository/org/apache/kerby/kerb-common/1.0.1/kerb-common-1.0.1.jar:/home/lassiter_at/.m2/repository/org/apache/kerby/kerb-crypto/1.0.1/kerb-crypto-1.0.1.jar:/home/lassiter_at/.m2/repository/org/apache/kerby/kerb-util/1.0.1/kerb-util-1.0.1.jar:/home/lassiter_at/.m2/repository/org/apache/kerby/token-provider/1.0.1/token-provider-1.0.1.jar:/home/lassiter_at/.m2/repository/org/apache/kerby/kerb-admin/1.0.1/kerb-admin-1.0.1.jar:/home/lassiter_at/.m2/repository/org/apache/kerby/kerb-server/1.0.1/kerb-server-1.0.1.jar:/home/lassiter_at/.m2/repository/org/apache/kerby/kerb-identity/1.0.1/kerb-identity-1.0.1.jar:/home/lassiter_at/.m2/repository/org/apache/kerby/kerby-xdr/1.0.1/kerby-xdr-1.0.1.jar:/home/lassiter_at/.m2/repository/com/fasterxml/jackson/core/jackson-databind/2.9.9.3/jackson-databind-2.9.9.3.jar:/home/lassiter_at/.m2/repository/org/codehaus/woodstox/stax2-api/3.1.4/stax2-api-3.1.4.jar:/home/lassiter_at/.m2/repository/com/fasterxml/woodstox/woodstox-core/5.0.3/woodstox-core-5.0.3.jar:/home/lassiter_at/.m2/repository/dnsjava/dnsjava/2.1.7/dnsjava-2.1.7.jar:/home/lassiter_at/.m2/repository/org/apache/hadoop/hadoop-minicluster/3.2.0/hadoop-minicluster-3.2.0.jar:/home/lassiter_at/.m2/repository/org/apache/hadoop/hadoop-common/3.2.0/hadoop-common-3.2.0-tests.jar:/home/lassiter_at/.m2/repository/org/apache/hadoop/hadoop-hdfs/3.2.0/hadoop-hdfs-3.2.0-tests.jar:/home/lassiter_at/.m2/repository/org/eclipse/jetty/jetty-util-ajax/9.4.19.v20190610/jetty-util-ajax-9.4.19.v20190610.jar:/home/lassiter_at/.m2/repository/commons-daemon/commons-daemon/1.0.13/commons-daemon-1.0.13.jar:/home/lassiter_at/.m2/repository/io/netty/netty-all/4.1.39.Final/netty-all-4.1.39.Final.jar:/home/lassiter_at/.m2/repository/org/fusesource/leveldbjni/leveldbjni-all/1.8/leveldbjni-all-1.8.jar:/home/lassiter_at/.m2/repository/org/apache/hadoop/hadoop-yarn-server-tests/3.2.0/hadoop-yarn-server-tests-3.2.0-tests.jar:/home/lassiter_at/.m2/repository/org/apache/hadoop/hadoop-yarn-server-common/3.2.0/hadoop-yarn-server-common-3.2.0.jar:/home/lassiter_at/.m2/repository/org/apache/hadoop/hadoop-yarn-registry/3.2.0/hadoop-yarn-registry-3.2.0.jar:/home/lassiter_at/.m2/repository/org/apache/geronimo/specs/geronimo-jcache_1.0_spec/1.0-alpha-1/geronimo-jcache_1.0_spec-1.0-alpha-1.jar:/home/lassiter_at/.m2/repository/org/ehcache/ehcache/3.6.3/ehcache-3.6.3.jar:/home/lassiter_at/.m2/repository/com/zaxxer/HikariCP-java7/2.4.12/HikariCP-java7-2.4.12.jar:/home/lassiter_at/.m2/repository/com/microsoft/sqlserver/mssql-jdbc/6.4.0.jre8/mssql-jdbc-6.4.0.jre8.jar:/home/lassiter_at/.m2/repository/org/apache/hadoop/hadoop-yarn-server-nodemanager/3.2.0/hadoop-yarn-server-nodemanager-3.2.0.jar:/home/lassiter_at/.m2/repository/com/sun/jersey/jersey-client/1.19/jersey-client-1.19.jar:/home/lassiter_at/.m2/repository/io/dropwizard/metrics/metrics-core/4.0.6/metrics-core-4.0.6.jar:/home/lassiter_at/.m2/repository/com/google/inject/guice/4.0/guice-4.0.jar:/home/lassiter_at/.m2/repository/javax/inject/javax.inject/1/javax.inject-1.jar:/home/lassiter_at/.m2/repository/aopalliance/aopalliance/1.0/aopalliance-1.0.jar:/home/lassiter_at/.m2/repository/com/sun/jersey/contribs/jersey-guice/1.19/jersey-guice-1.19.jar:/home/lassiter_at/.m2/repository/org/apache/hadoop/hadoop-yarn-server-resourcemanager/3.2.0/hadoop-yarn-server-resourcemanager-3.2.0.jar:/home/lassiter_at/.m2/repository/org/apache/hadoop/hadoop-yarn-server-applicationhistoryservice/3.2.0/hadoop-yarn-server-applicationhistoryservice-3.2.0.jar:/home/lassiter_at/.m2/repository/de/ruedigermoeller/fst/2.50/fst-2.50.jar:/home/lassiter_at/.m2/repository/com/cedarsoftware/java-util/1.9.0/java-util-1.9.0.jar:/home/lassiter_at/.m2/repository/com/cedarsoftware/json-io/2.5.1/json-io-2.5.1.jar:/home/lassiter_at/.m2/repository/org/apache/hadoop/hadoop-yarn-server-timelineservice/3.2.0/hadoop-yarn-server-timelineservice-3.2.0.jar:/home/lassiter_at/.m2/repository/org/apache/commons/commons-csv/1.0/commons-csv-1.0.jar:/home/lassiter_at/.m2/repository/org/apache/hadoop/hadoop-yarn-common/3.2.0/hadoop-yarn-common-3.2.0.jar:/home/lassiter_at/.m2/repository/com/fasterxml/jackson/jaxrs/jackson-jaxrs-json-provider/2.9.9/jackson-jaxrs-json-provider-2.9.9.jar:/home/lassiter_at/.m2/repository/com/fasterxml/jackson/jaxrs/jackson-jaxrs-base/2.9.9/jackson-jaxrs-base-2.9.9.jar:/home/lassiter_at/.m2/repository/org/apache/hadoop/hadoop-mapreduce-client-jobclient/3.2.0/hadoop-mapreduce-client-jobclient-3.2.0-tests.jar:/home/lassiter_at/.m2/repository/org/apache/hadoop/hadoop-mapreduce-client-common/3.2.0/hadoop-mapreduce-client-common-3.2.0.jar:/home/lassiter_at/.m2/repository/com/google/inject/extensions/guice-servlet/4.0/guice-servlet-4.0.jar:/home/lassiter_at/.m2/repository/org/apache/hadoop/hadoop-hdfs/3.2.0/hadoop-hdfs-3.2.0.jar:/home/lassiter_at/.m2/repository/org/apache/hadoop/hadoop-mapreduce-client-app/3.2.0/hadoop-mapreduce-client-app-3.2.0.jar:/home/lassiter_at/.m2/repository/org/apache/hadoop/hadoop-yarn-server-web-proxy/3.2.0/hadoop-yarn-server-web-proxy-3.2.0.jar:/home/lassiter_at/.m2/repository/org/apache/hadoop/hadoop-mapreduce-client-shuffle/3.2.0/hadoop-mapreduce-client-shuffle-3.2.0.jar:/home/lassiter_at/.m2/repository/org/apache/hadoop/hadoop-yarn-api/3.2.0/hadoop-yarn-api-3.2.0.jar:/home/lassiter_at/.m2/repository/javax/xml/bind/jaxb-api/2.3.1/jaxb-api-2.3.1.jar:/home/lassiter_at/.m2/repository/javax/activation/javax.activation-api/1.2.0/javax.activation-api-1.2.0.jar:/home/lassiter_at/.m2/repository/org/apache/hadoop/hadoop-mapreduce-client-core/3.2.0/hadoop-mapreduce-client-core-3.2.0.jar:/home/lassiter_at/.m2/repository/org/apache/hadoop/hadoop-yarn-client/3.2.0/hadoop-yarn-client-3.2.0.jar:/home/lassiter_at/.m2/repository/org/apache/hadoop/hadoop-hdfs-client/3.2.0/hadoop-hdfs-client-3.2.0.jar:/home/lassiter_at/.m2/repository/com/squareup/okhttp/okhttp/2.7.5/okhttp-2.7.5.jar:/home/lassiter_at/.m2/repository/org/apache/hadoop/hadoop-mapreduce-client-jobclient/3.2.0/hadoop-mapreduce-client-jobclient-3.2.0.jar:/home/lassiter_at/.m2/repository/org/apache/hadoop/hadoop-mapreduce-client-hs/3.2.0/hadoop-mapreduce-client-hs-3.2.0.jar:/home/lassiter_at/.m2/repository/junit/junit/4.12/junit-4.12.jar:/home/lassiter_at/.m2/repository/org/hamcrest/hamcrest-core/1.3/hamcrest-core-1.3.jar:/home/lassiter_at/.m2/repository/org/mockito/mockito-core/2.23.4/mockito-core-2.23.4.jar:/home/lassiter_at/.m2/repository/net/bytebuddy/byte-buddy/1.9.16/byte-buddy-1.9.16.jar:/home/lassiter_at/.m2/repository/net/bytebuddy/byte-buddy-agent/1.9.16/byte-buddy-agent-1.9.16.jar:/home/lassiter_at/.m2/repository/org/objenesis/objenesis/2.6/objenesis-2.6.jar:/home/lassiter_at/.m2/repository/org/slf4j/slf4j-api/1.7.28/slf4j-api-1.7.28.jar:/home/lassiter_at/.m2/repository/uk/gov/gchq/palisade/common/0.4.0-SNAPSHOT/common-0.4.0-SNAPSHOT.jar:/home/lassiter_at/.m2/repository/com/fasterxml/jackson/core/jackson-core/2.9.9/jackson-core-2.9.9.jar:/home/lassiter_at/.m2/repository/com/fasterxml/jackson/core/jackson-annotations/2.9.0/jackson-annotations-2.9.0.jar:/home/lassiter_at/.m2/repository/com/fasterxml/jackson/datatype/jackson-datatype-jdk8/2.9.9/jackson-datatype-jdk8-2.9.9.jar:/home/lassiter_at/.m2/repository/com/fasterxml/jackson/datatype/jackson-datatype-jsr310/2.9.9/jackson-datatype-jsr310-2.9.9.jar:"/>
    <property name="java.vm.vendor" value="Ubuntu"/>
    <property name="sun.arch.data.model" value="64"/>
    <property name="java.vendor.url" value="https://ubuntu.com/"/>
    <property name="user.timezone" value=""/>
    <property name="java.vm.specification.version" value="11"/>
    <property name="os.name" value="Linux"/>
    <property name="sun.java.launcher" value="SUN_STANDARD"/>
    <property name="sun.boot.library.path" value="/usr/lib/jvm/java-11-openjdk-amd64/lib"/>
    <property name="sun.java.command" value="/mnt/c/dev/palisade-integration-tests/resource-service-test/target/surefire/surefirebooter14984511675689482219.jar /mnt/c/dev/palisade-integration-tests/resource-service-test/target/surefire 2019-10-30T10-40-09_536-jvmRun1 surefire2434890520412950576tmp surefire_06622070456864362898tmp"/>
    <property name="jdk.debug" value="release"/>
    <property name="surefire.test.class.path" value="/mnt/c/dev/palisade-integration-tests/resource-service-test/target/test-classes:/mnt/c/dev/palisade-integration-tests/resource-service-test/target/classes:/home/lassiter_at/.m2/repository/uk/gov/gchq/palisade/resource-service/0.4.0-SNAPSHOT/resource-service-0.4.0-SNAPSHOT.jar:/home/lassiter_at/.m2/repository/org/springframework/boot/spring-boot-starter/2.1.8.RELEASE/spring-boot-starter-2.1.8.RELEASE.jar:/home/lassiter_at/.m2/repository/org/springframework/boot/spring-boot/2.1.8.RELEASE/spring-boot-2.1.8.RELEASE.jar:/home/lassiter_at/.m2/repository/org/springframework/spring-context/5.1.9.RELEASE/spring-context-5.1.9.RELEASE.jar:/home/lassiter_at/.m2/repository/org/springframework/boot/spring-boot-autoconfigure/2.1.8.RELEASE/spring-boot-autoconfigure-2.1.8.RELEASE.jar:/home/lassiter_at/.m2/repository/org/springframework/boot/spring-boot-starter-logging/2.1.8.RELEASE/spring-boot-starter-logging-2.1.8.RELEASE.jar:/home/lassiter_at/.m2/repository/ch/qos/logback/logback-classic/1.2.3/logback-classic-1.2.3.jar:/home/lassiter_at/.m2/repository/ch/qos/logback/logback-core/1.2.3/logback-core-1.2.3.jar:/home/lassiter_at/.m2/repository/org/apache/logging/log4j/log4j-to-slf4j/2.11.2/log4j-to-slf4j-2.11.2.jar:/home/lassiter_at/.m2/repository/org/apache/logging/log4j/log4j-api/2.11.2/log4j-api-2.11.2.jar:/home/lassiter_at/.m2/repository/org/slf4j/jul-to-slf4j/1.7.28/jul-to-slf4j-1.7.28.jar:/home/lassiter_at/.m2/repository/javax/annotation/javax.annotation-api/1.3.2/javax.annotation-api-1.3.2.jar:/home/lassiter_at/.m2/repository/org/springframework/spring-core/5.1.9.RELEASE/spring-core-5.1.9.RELEASE.jar:/home/lassiter_at/.m2/repository/org/springframework/spring-jcl/5.1.9.RELEASE/spring-jcl-5.1.9.RELEASE.jar:/home/lassiter_at/.m2/repository/org/yaml/snakeyaml/1.23/snakeyaml-1.23.jar:/home/lassiter_at/.m2/repository/org/springframework/boot/spring-boot-starter-web/2.1.8.RELEASE/spring-boot-starter-web-2.1.8.RELEASE.jar:/home/lassiter_at/.m2/repository/org/springframework/boot/spring-boot-starter-json/2.1.8.RELEASE/spring-boot-starter-json-2.1.8.RELEASE.jar:/home/lassiter_at/.m2/repository/com/fasterxml/jackson/module/jackson-module-parameter-names/2.9.9/jackson-module-parameter-names-2.9.9.jar:/home/lassiter_at/.m2/repository/org/springframework/boot/spring-boot-starter-tomcat/2.1.8.RELEASE/spring-boot-starter-tomcat-2.1.8.RELEASE.jar:/home/lassiter_at/.m2/repository/org/apache/tomcat/embed/tomcat-embed-core/9.0.24/tomcat-embed-core-9.0.24.jar:/home/lassiter_at/.m2/repository/org/apache/tomcat/embed/tomcat-embed-el/9.0.24/tomcat-embed-el-9.0.24.jar:/home/lassiter_at/.m2/repository/org/apache/tomcat/embed/tomcat-embed-websocket/9.0.24/tomcat-embed-websocket-9.0.24.jar:/home/lassiter_at/.m2/repository/org/hibernate/validator/hibernate-validator/6.0.17.Final/hibernate-validator-6.0.17.Final.jar:/home/lassiter_at/.m2/repository/javax/validation/validation-api/2.0.1.Final/validation-api-2.0.1.Final.jar:/home/lassiter_at/.m2/repository/org/jboss/logging/jboss-logging/3.3.3.Final/jboss-logging-3.3.3.Final.jar:/home/lassiter_at/.m2/repository/com/fasterxml/classmate/1.4.0/classmate-1.4.0.jar:/home/lassiter_at/.m2/repository/org/springframework/spring-web/5.1.9.RELEASE/spring-web-5.1.9.RELEASE.jar:/home/lassiter_at/.m2/repository/org/springframework/spring-beans/5.1.9.RELEASE/spring-beans-5.1.9.RELEASE.jar:/home/lassiter_at/.m2/repository/org/springframework/spring-webmvc/5.1.9.RELEASE/spring-webmvc-5.1.9.RELEASE.jar:/home/lassiter_at/.m2/repository/org/springframework/spring-aop/5.1.9.RELEASE/spring-aop-5.1.9.RELEASE.jar:/home/lassiter_at/.m2/repository/org/springframework/spring-expression/5.1.9.RELEASE/spring-expression-5.1.9.RELEASE.jar:/home/lassiter_at/.m2/repository/org/springframework/boot/spring-boot-starter-actuator/2.1.8.RELEASE/spring-boot-starter-actuator-2.1.8.RELEASE.jar:/home/lassiter_at/.m2/repository/org/springframework/boot/spring-boot-actuator-autoconfigure/2.1.8.RELEASE/spring-boot-actuator-autoconfigure-2.1.8.RELEASE.jar:/home/lassiter_at/.m2/repository/org/springframework/boot/spring-boot-actuator/2.1.8.RELEASE/spring-boot-actuator-2.1.8.RELEASE.jar:/home/lassiter_at/.m2/repository/io/micrometer/micrometer-core/1.1.6/micrometer-core-1.1.6.jar:/home/lassiter_at/.m2/repository/org/hdrhistogram/HdrHistogram/2.1.9/HdrHistogram-2.1.9.jar:/home/lassiter_at/.m2/repository/org/latencyutils/LatencyUtils/2.0.3/LatencyUtils-2.0.3.jar:/home/lassiter_at/.m2/repository/uk/gov/gchq/palisade/palisade-service/0.4.0-SNAPSHOT/palisade-service-0.4.0-SNAPSHOT.jar:/home/lassiter_at/.m2/repository/org/springframework/cloud/spring-cloud-starter-openfeign/2.1.3.RELEASE/spring-cloud-starter-openfeign-2.1.3.RELEASE.jar:/home/lassiter_at/.m2/repository/org/springframework/cloud/spring-cloud-starter/2.1.3.RELEASE/spring-cloud-starter-2.1.3.RELEASE.jar:/home/lassiter_at/.m2/repository/org/springframework/security/spring-security-rsa/1.0.7.RELEASE/spring-security-rsa-1.0.7.RELEASE.jar:/home/lassiter_at/.m2/repository/org/bouncycastle/bcpkix-jdk15on/1.60/bcpkix-jdk15on-1.60.jar:/home/lassiter_at/.m2/repository/org/bouncycastle/bcprov-jdk15on/1.60/bcprov-jdk15on-1.60.jar:/home/lassiter_at/.m2/repository/org/springframework/cloud/spring-cloud-openfeign-core/2.1.3.RELEASE/spring-cloud-openfeign-core-2.1.3.RELEASE.jar:/home/lassiter_at/.m2/repository/org/springframework/cloud/spring-cloud-netflix-ribbon/2.1.3.RELEASE/spring-cloud-netflix-ribbon-2.1.3.RELEASE.jar:/home/lassiter_at/.m2/repository/org/springframework/cloud/spring-cloud-netflix-archaius/2.1.3.RELEASE/spring-cloud-netflix-archaius-2.1.3.RELEASE.jar:/home/lassiter_at/.m2/repository/org/springframework/boot/spring-boot-starter-aop/2.1.8.RELEASE/spring-boot-starter-aop-2.1.8.RELEASE.jar:/home/lassiter_at/.m2/repository/org/aspectj/aspectjweaver/1.9.4/aspectjweaver-1.9.4.jar:/home/lassiter_at/.m2/repository/io/github/openfeign/form/feign-form-spring/3.8.0/feign-form-spring-3.8.0.jar:/home/lassiter_at/.m2/repository/io/github/openfeign/form/feign-form/3.8.0/feign-form-3.8.0.jar:/home/lassiter_at/.m2/repository/commons-fileupload/commons-fileupload/1.4/commons-fileupload-1.4.jar:/home/lassiter_at/.m2/repository/org/springframework/cloud/spring-cloud-commons/2.1.3.RELEASE/spring-cloud-commons-2.1.3.RELEASE.jar:/home/lassiter_at/.m2/repository/org/springframework/security/spring-security-crypto/5.1.6.RELEASE/spring-security-crypto-5.1.6.RELEASE.jar:/home/lassiter_at/.m2/repository/io/github/openfeign/feign-core/10.2.3/feign-core-10.2.3.jar:/home/lassiter_at/.m2/repository/io/github/openfeign/feign-slf4j/10.2.3/feign-slf4j-10.2.3.jar:/home/lassiter_at/.m2/repository/io/github/openfeign/feign-hystrix/10.2.3/feign-hystrix-10.2.3.jar:/home/lassiter_at/.m2/repository/com/netflix/archaius/archaius-core/0.7.6/archaius-core-0.7.6.jar:/home/lassiter_at/.m2/repository/commons-configuration/commons-configuration/1.8/commons-configuration-1.8.jar:/home/lassiter_at/.m2/repository/com/netflix/hystrix/hystrix-core/1.5.18/hystrix-core-1.5.18.jar:/home/lassiter_at/.m2/repository/org/springframework/cloud/spring-cloud-config-client/2.1.4.RELEASE/spring-cloud-config-client-2.1.4.RELEASE.jar:/home/lassiter_at/.m2/repository/org/springframework/cloud/spring-cloud-context/2.1.3.RELEASE/spring-cloud-context-2.1.3.RELEASE.jar:/home/lassiter_at/.m2/repository/org/springframework/cloud/spring-cloud-starter-ribbon/1.4.7.RELEASE/spring-cloud-starter-ribbon-1.4.7.RELEASE.jar:/home/lassiter_at/.m2/repository/org/springframework/cloud/spring-cloud-starter-netflix-ribbon/2.1.3.RELEASE/spring-cloud-starter-netflix-ribbon-2.1.3.RELEASE.jar:/home/lassiter_at/.m2/repository/org/springframework/cloud/spring-cloud-starter-netflix-archaius/2.1.3.RELEASE/spring-cloud-starter-netflix-archaius-2.1.3.RELEASE.jar:/home/lassiter_at/.m2/repository/com/netflix/ribbon/ribbon/2.3.0/ribbon-2.3.0.jar:/home/lassiter_at/.m2/repository/com/netflix/ribbon/ribbon-transport/2.3.0/ribbon-transport-2.3.0.jar:/home/lassiter_at/.m2/repository/io/reactivex/rxnetty-contexts/0.4.9/rxnetty-contexts-0.4.9.jar:/home/lassiter_at/.m2/repository/io/reactivex/rxnetty-servo/0.4.9/rxnetty-servo-0.4.9.jar:/home/lassiter_at/.m2/repository/io/reactivex/rxnetty/0.4.9/rxnetty-0.4.9.jar:/home/lassiter_at/.m2/repository/com/netflix/ribbon/ribbon-core/2.3.0/ribbon-core-2.3.0.jar:/home/lassiter_at/.m2/repository/commons-lang/commons-lang/2.6/commons-lang-2.6.jar:/home/lassiter_at/.m2/repository/com/netflix/ribbon/ribbon-httpclient/2.3.0/ribbon-httpclient-2.3.0.jar:/home/lassiter_at/.m2/repository/com/sun/jersey/contribs/jersey-apache-client4/1.19.1/jersey-apache-client4-1.19.1.jar:/home/lassiter_at/.m2/repository/com/netflix/servo/servo-core/0.12.21/servo-core-0.12.21.jar:/home/lassiter_at/.m2/repository/com/netflix/netflix-commons/netflix-commons-util/0.3.0/netflix-commons-util-0.3.0.jar:/home/lassiter_at/.m2/repository/com/netflix/ribbon/ribbon-loadbalancer/2.3.0/ribbon-loadbalancer-2.3.0.jar:/home/lassiter_at/.m2/repository/com/netflix/netflix-commons/netflix-statistics/0.1.1/netflix-statistics-0.1.1.jar:/home/lassiter_at/.m2/repository/io/reactivex/rxjava/1.3.8/rxjava-1.3.8.jar:/home/lassiter_at/.m2/repository/io/etcd/jetcd-core/0.3.0/jetcd-core-0.3.0.jar:/home/lassiter_at/.m2/repository/io/etcd/jetcd-common/0.3.0/jetcd-common-0.3.0.jar:/home/lassiter_at/.m2/repository/io/etcd/jetcd-resolver/0.3.0/jetcd-resolver-0.3.0.jar:/home/lassiter_at/.m2/repository/io/grpc/grpc-core/1.17.1/grpc-core-1.17.1.jar:/home/lassiter_at/.m2/repository/io/grpc/grpc-context/1.17.1/grpc-context-1.17.1.jar:/home/lassiter_at/.m2/repository/io/opencensus/opencensus-api/0.17.0/opencensus-api-0.17.0.jar:/home/lassiter_at/.m2/repository/io/opencensus/opencensus-contrib-grpc-metrics/0.17.0/opencensus-contrib-grpc-metrics-0.17.0.jar:/home/lassiter_at/.m2/repository/io/grpc/grpc-netty/1.17.1/grpc-netty-1.17.1.jar:/home/lassiter_at/.m2/repository/io/netty/netty-codec-http2/4.1.39.Final/netty-codec-http2-4.1.39.Final.jar:/home/lassiter_at/.m2/repository/io/netty/netty-common/4.1.39.Final/netty-common-4.1.39.Final.jar:/home/lassiter_at/.m2/repository/io/netty/netty-buffer/4.1.39.Final/netty-buffer-4.1.39.Final.jar:/home/lassiter_at/.m2/repository/io/netty/netty-transport/4.1.39.Final/netty-transport-4.1.39.Final.jar:/home/lassiter_at/.m2/repository/io/netty/netty-resolver/4.1.39.Final/netty-resolver-4.1.39.Final.jar:/home/lassiter_at/.m2/repository/io/netty/netty-codec/4.1.39.Final/netty-codec-4.1.39.Final.jar:/home/lassiter_at/.m2/repository/io/netty/netty-handler/4.1.39.Final/netty-handler-4.1.39.Final.jar:/home/lassiter_at/.m2/repository/io/netty/netty-codec-http/4.1.39.Final/netty-codec-http-4.1.39.Final.jar:/home/lassiter_at/.m2/repository/io/netty/netty-handler-proxy/4.1.39.Final/netty-handler-proxy-4.1.39.Final.jar:/home/lassiter_at/.m2/repository/io/netty/netty-codec-socks/4.1.39.Final/netty-codec-socks-4.1.39.Final.jar:/home/lassiter_at/.m2/repository/io/grpc/grpc-protobuf/1.17.1/grpc-protobuf-1.17.1.jar:/home/lassiter_at/.m2/repository/com/google/api/grpc/proto-google-common-protos/1.16.0/proto-google-common-protos-1.16.0.jar:/home/lassiter_at/.m2/repository/io/grpc/grpc-protobuf-lite/1.17.1/grpc-protobuf-lite-1.17.1.jar:/home/lassiter_at/.m2/repository/io/grpc/grpc-stub/1.17.1/grpc-stub-1.17.1.jar:/home/lassiter_at/.m2/repository/io/grpc/grpc-grpclb/1.17.1/grpc-grpclb-1.17.1.jar:/home/lassiter_at/.m2/repository/com/google/protobuf/protobuf-java-util/3.5.1/protobuf-java-util-3.5.1.jar:/home/lassiter_at/.m2/repository/io/fabric8/kubernetes-model/4.1.0/kubernetes-model-4.1.0.jar:/home/lassiter_at/.m2/repository/com/fasterxml/jackson/module/jackson-module-jaxb-annotations/2.9.9/jackson-module-jaxb-annotations-2.9.9.jar:/home/lassiter_at/.m2/repository/io/fabric8/kubernetes-client/4.1.0/kubernetes-client-4.1.0.jar:/home/lassiter_at/.m2/repository/com/squareup/okhttp3/okhttp/3.8.1/okhttp-3.8.1.jar:/home/lassiter_at/.m2/repository/com/squareup/okio/okio/1.13.0/okio-1.13.0.jar:/home/lassiter_at/.m2/repository/com/squareup/okhttp3/logging-interceptor/3.8.1/logging-interceptor-3.8.1.jar:/home/lassiter_at/.m2/repository/com/fasterxml/jackson/dataformat/jackson-dataformat-yaml/2.9.9/jackson-dataformat-yaml-2.9.9.jar:/home/lassiter_at/.m2/repository/io/fabric8/zjsonpatch/0.3.0/zjsonpatch-0.3.0.jar:/home/lassiter_at/.m2/repository/com/github/mifmif/generex/1.0.1/generex-1.0.1.jar:/home/lassiter_at/.m2/repository/dk/brics/automaton/automaton/1.11-8/automaton-1.11-8.jar:/home/lassiter_at/.m2/repository/uk/gov/gchq/palisade/resource-service/0.4.0-SNAPSHOT/resource-service-0.4.0-SNAPSHOT-jar-with-dependencies.jar:/home/lassiter_at/.m2/repository/com/google/guava/guava/28.1-jre/guava-28.1-jre.jar:/home/lassiter_at/.m2/repository/com/google/guava/failureaccess/1.0.1/failureaccess-1.0.1.jar:/home/lassiter_at/.m2/repository/com/google/guava/listenablefuture/9999.0-empty-to-avoid-conflict-with-guava/listenablefuture-9999.0-empty-to-avoid-conflict-with-guava.jar:/home/lassiter_at/.m2/repository/com/google/code/findbugs/jsr305/3.0.2/jsr305-3.0.2.jar:/home/lassiter_at/.m2/repository/org/checkerframework/checker-qual/2.8.1/checker-qual-2.8.1.jar:/home/lassiter_at/.m2/repository/com/google/errorprone/error_prone_annotations/2.3.2/error_prone_annotations-2.3.2.jar:/home/lassiter_at/.m2/repository/com/google/j2objc/j2objc-annotations/1.3/j2objc-annotations-1.3.jar:/home/lassiter_at/.m2/repository/org/codehaus/mojo/animal-sniffer-annotations/1.18/animal-sniffer-annotations-1.18.jar:/home/lassiter_at/.m2/repository/org/apache/commons/commons-lang3/3.8.1/commons-lang3-3.8.1.jar:/home/lassiter_at/.m2/repository/org/apache/hadoop/hadoop-common/3.2.0/hadoop-common-3.2.0.jar:/home/lassiter_at/.m2/repository/org/apache/hadoop/hadoop-annotations/3.2.0/hadoop-annotations-3.2.0.jar:/home/lassiter_at/.m2/repository/commons-cli/commons-cli/1.2/commons-cli-1.2.jar:/home/lassiter_at/.m2/repository/org/apache/commons/commons-math3/3.1.1/commons-math3-3.1.1.jar:/home/lassiter_at/.m2/repository/org/apache/httpcomponents/httpclient/4.5.9/httpclient-4.5.9.jar:/home/lassiter_at/.m2/repository/org/apache/httpcomponents/httpcore/4.4.12/httpcore-4.4.12.jar:/home/lassiter_at/.m2/repository/commons-codec/commons-codec/1.11/commons-codec-1.11.jar:/home/lassiter_at/.m2/repository/commons-io/commons-io/2.5/commons-io-2.5.jar:/home/lassiter_at/.m2/repository/commons-net/commons-net/3.6/commons-net-3.6.jar:/home/lassiter_at/.m2/repository/commons-collections/commons-collections/3.2.2/commons-collections-3.2.2.jar:/home/lassiter_at/.m2/repository/javax/servlet/javax.servlet-api/4.0.1/javax.servlet-api-4.0.1.jar:/home/lassiter_at/.m2/repository/org/eclipse/jetty/jetty-server/9.4.19.v20190610/jetty-server-9.4.19.v20190610.jar:/home/lassiter_at/.m2/repository/org/eclipse/jetty/jetty-http/9.4.19.v20190610/jetty-http-9.4.19.v20190610.jar:/home/lassiter_at/.m2/repository/org/eclipse/jetty/jetty-io/9.4.19.v20190610/jetty-io-9.4.19.v20190610.jar:/home/lassiter_at/.m2/repository/org/eclipse/jetty/jetty-util/9.4.19.v20190610/jetty-util-9.4.19.v20190610.jar:/home/lassiter_at/.m2/repository/org/eclipse/jetty/jetty-servlet/9.4.19.v20190610/jetty-servlet-9.4.19.v20190610.jar:/home/lassiter_at/.m2/repository/org/eclipse/jetty/jetty-security/9.4.19.v20190610/jetty-security-9.4.19.v20190610.jar:/home/lassiter_at/.m2/repository/org/eclipse/jetty/jetty-webapp/9.4.19.v20190610/jetty-webapp-9.4.19.v20190610.jar:/home/lassiter_at/.m2/repository/org/eclipse/jetty/jetty-xml/9.4.19.v20190610/jetty-xml-9.4.19.v20190610.jar:/home/lassiter_at/.m2/repository/javax/servlet/jsp/jsp-api/2.1/jsp-api-2.1.jar:/home/lassiter_at/.m2/repository/com/sun/jersey/jersey-core/1.19/jersey-core-1.19.jar:/home/lassiter_at/.m2/repository/javax/ws/rs/jsr311-api/1.1.1/jsr311-api-1.1.1.jar:/home/lassiter_at/.m2/repository/com/sun/jersey/jersey-servlet/1.19/jersey-servlet-1.19.jar:/home/lassiter_at/.m2/repository/com/sun/jersey/jersey-json/1.19/jersey-json-1.19.jar:/home/lassiter_at/.m2/repository/org/codehaus/jettison/jettison/1.1/jettison-1.1.jar:/home/lassiter_at/.m2/repository/com/sun/xml/bind/jaxb-impl/2.2.3-1/jaxb-impl-2.2.3-1.jar:/home/lassiter_at/.m2/repository/org/codehaus/jackson/jackson-core-asl/1.9.2/jackson-core-asl-1.9.2.jar:/home/lassiter_at/.m2/repository/org/codehaus/jackson/jackson-mapper-asl/1.9.2/jackson-mapper-asl-1.9.2.jar:/home/lassiter_at/.m2/repository/org/codehaus/jackson/jackson-jaxrs/1.9.2/jackson-jaxrs-1.9.2.jar:/home/lassiter_at/.m2/repository/org/codehaus/jackson/jackson-xc/1.9.2/jackson-xc-1.9.2.jar:/home/lassiter_at/.m2/repository/com/sun/jersey/jersey-server/1.19/jersey-server-1.19.jar:/home/lassiter_at/.m2/repository/commons-logging/commons-logging/1.1.3/commons-logging-1.1.3.jar:/home/lassiter_at/.m2/repository/log4j/log4j/1.2.17/log4j-1.2.17.jar:/home/lassiter_at/.m2/repository/commons-beanutils/commons-beanutils/1.9.3/commons-beanutils-1.9.3.jar:/home/lassiter_at/.m2/repository/org/apache/commons/commons-configuration2/2.1.1/commons-configuration2-2.1.1.jar:/home/lassiter_at/.m2/repository/org/apache/commons/commons-text/1.4/commons-text-1.4.jar:/home/lassiter_at/.m2/repository/org/slf4j/slf4j-log4j12/1.7.28/slf4j-log4j12-1.7.28.jar:/home/lassiter_at/.m2/repository/org/apache/avro/avro/1.7.7/avro-1.7.7.jar:/home/lassiter_at/.m2/repository/com/thoughtworks/paranamer/paranamer/2.3/paranamer-2.3.jar:/home/lassiter_at/.m2/repository/org/xerial/snappy/snappy-java/1.0.5/snappy-java-1.0.5.jar:/home/lassiter_at/.m2/repository/com/google/re2j/re2j/1.1/re2j-1.1.jar:/home/lassiter_at/.m2/repository/com/google/protobuf/protobuf-java/2.5.0/protobuf-java-2.5.0.jar:/home/lassiter_at/.m2/repository/com/google/code/gson/gson/2.8.5/gson-2.8.5.jar:/home/lassiter_at/.m2/repository/org/apache/hadoop/hadoop-auth/3.2.0/hadoop-auth-3.2.0.jar:/home/lassiter_at/.m2/repository/com/nimbusds/nimbus-jose-jwt/4.41.1/nimbus-jose-jwt-4.41.1.jar:/home/lassiter_at/.m2/repository/com/github/stephenc/jcip/jcip-annotations/1.0-1/jcip-annotations-1.0-1.jar:/home/lassiter_at/.m2/repository/net/minidev/json-smart/2.3/json-smart-2.3.jar:/home/lassiter_at/.m2/repository/net/minidev/accessors-smart/1.2/accessors-smart-1.2.jar:/home/lassiter_at/.m2/repository/org/ow2/asm/asm/5.0.4/asm-5.0.4.jar:/home/lassiter_at/.m2/repository/org/apache/curator/curator-framework/4.0.1/curator-framework-4.0.1.jar:/home/lassiter_at/.m2/repository/com/jcraft/jsch/0.1.54/jsch-0.1.54.jar:/home/lassiter_at/.m2/repository/org/apache/curator/curator-client/2.12.0/curator-client-2.12.0.jar:/home/lassiter_at/.m2/repository/org/apache/curator/curator-recipes/4.0.1/curator-recipes-4.0.1.jar:/home/lassiter_at/.m2/repository/org/apache/htrace/htrace-core4/4.1.0-incubating/htrace-core4-4.1.0-incubating.jar:/home/lassiter_at/.m2/repository/org/apache/zookeeper/zookeeper/3.4.13/zookeeper-3.4.13.jar:/home/lassiter_at/.m2/repository/jline/jline/0.9.94/jline-0.9.94.jar:/home/lassiter_at/.m2/repository/org/apache/yetus/audience-annotations/0.5.0/audience-annotations-0.5.0.jar:/home/lassiter_at/.m2/repository/io/netty/netty/3.10.6.Final/netty-3.10.6.Final.jar:/home/lassiter_at/.m2/repository/org/apache/commons/commons-compress/1.4.1/commons-compress-1.4.1.jar:/home/lassiter_at/.m2/repository/org/tukaani/xz/1.0/xz-1.0.jar:/home/lassiter_at/.m2/repository/org/apache/kerby/kerb-simplekdc/1.0.1/kerb-simplekdc-1.0.1.jar:/home/lassiter_at/.m2/repository/org/apache/kerby/kerb-client/1.0.1/kerb-client-1.0.1.jar:/home/lassiter_at/.m2/repository/org/apache/kerby/kerby-config/1.0.1/kerby-config-1.0.1.jar:/home/lassiter_at/.m2/repository/org/apache/kerby/kerb-core/1.0.1/kerb-core-1.0.1.jar:/home/lassiter_at/.m2/repository/org/apache/kerby/kerby-pkix/1.0.1/kerby-pkix-1.0.1.jar:/home/lassiter_at/.m2/repository/org/apache/kerby/kerby-asn1/1.0.1/kerby-asn1-1.0.1.jar:/home/lassiter_at/.m2/repository/org/apache/kerby/kerby-util/1.0.1/kerby-util-1.0.1.jar:/home/lassiter_at/.m2/repository/org/apache/kerby/kerb-common/1.0.1/kerb-common-1.0.1.jar:/home/lassiter_at/.m2/repository/org/apache/kerby/kerb-crypto/1.0.1/kerb-crypto-1.0.1.jar:/home/lassiter_at/.m2/repository/org/apache/kerby/kerb-util/1.0.1/kerb-util-1.0.1.jar:/home/lassiter_at/.m2/repository/org/apache/kerby/token-provider/1.0.1/token-provider-1.0.1.jar:/home/lassiter_at/.m2/repository/org/apache/kerby/kerb-admin/1.0.1/kerb-admin-1.0.1.jar:/home/lassiter_at/.m2/repository/org/apache/kerby/kerb-server/1.0.1/kerb-server-1.0.1.jar:/home/lassiter_at/.m2/repository/org/apache/kerby/kerb-identity/1.0.1/kerb-identity-1.0.1.jar:/home/lassiter_at/.m2/repository/org/apache/kerby/kerby-xdr/1.0.1/kerby-xdr-1.0.1.jar:/home/lassiter_at/.m2/repository/com/fasterxml/jackson/core/jackson-databind/2.9.9.3/jackson-databind-2.9.9.3.jar:/home/lassiter_at/.m2/repository/org/codehaus/woodstox/stax2-api/3.1.4/stax2-api-3.1.4.jar:/home/lassiter_at/.m2/repository/com/fasterxml/woodstox/woodstox-core/5.0.3/woodstox-core-5.0.3.jar:/home/lassiter_at/.m2/repository/dnsjava/dnsjava/2.1.7/dnsjava-2.1.7.jar:/home/lassiter_at/.m2/repository/org/apache/hadoop/hadoop-minicluster/3.2.0/hadoop-minicluster-3.2.0.jar:/home/lassiter_at/.m2/repository/org/apache/hadoop/hadoop-common/3.2.0/hadoop-common-3.2.0-tests.jar:/home/lassiter_at/.m2/repository/org/apache/hadoop/hadoop-hdfs/3.2.0/hadoop-hdfs-3.2.0-tests.jar:/home/lassiter_at/.m2/repository/org/eclipse/jetty/jetty-util-ajax/9.4.19.v20190610/jetty-util-ajax-9.4.19.v20190610.jar:/home/lassiter_at/.m2/repository/commons-daemon/commons-daemon/1.0.13/commons-daemon-1.0.13.jar:/home/lassiter_at/.m2/repository/io/netty/netty-all/4.1.39.Final/netty-all-4.1.39.Final.jar:/home/lassiter_at/.m2/repository/org/fusesource/leveldbjni/leveldbjni-all/1.8/leveldbjni-all-1.8.jar:/home/lassiter_at/.m2/repository/org/apache/hadoop/hadoop-yarn-server-tests/3.2.0/hadoop-yarn-server-tests-3.2.0-tests.jar:/home/lassiter_at/.m2/repository/org/apache/hadoop/hadoop-yarn-server-common/3.2.0/hadoop-yarn-server-common-3.2.0.jar:/home/lassiter_at/.m2/repository/org/apache/hadoop/hadoop-yarn-registry/3.2.0/hadoop-yarn-registry-3.2.0.jar:/home/lassiter_at/.m2/repository/org/apache/geronimo/specs/geronimo-jcache_1.0_spec/1.0-alpha-1/geronimo-jcache_1.0_spec-1.0-alpha-1.jar:/home/lassiter_at/.m2/repository/org/ehcache/ehcache/3.6.3/ehcache-3.6.3.jar:/home/lassiter_at/.m2/repository/com/zaxxer/HikariCP-java7/2.4.12/HikariCP-java7-2.4.12.jar:/home/lassiter_at/.m2/repository/com/microsoft/sqlserver/mssql-jdbc/6.4.0.jre8/mssql-jdbc-6.4.0.jre8.jar:/home/lassiter_at/.m2/repository/org/apache/hadoop/hadoop-yarn-server-nodemanager/3.2.0/hadoop-yarn-server-nodemanager-3.2.0.jar:/home/lassiter_at/.m2/repository/com/sun/jersey/jersey-client/1.19/jersey-client-1.19.jar:/home/lassiter_at/.m2/repository/io/dropwizard/metrics/metrics-core/4.0.6/metrics-core-4.0.6.jar:/home/lassiter_at/.m2/repository/com/google/inject/guice/4.0/guice-4.0.jar:/home/lassiter_at/.m2/repository/javax/inject/javax.inject/1/javax.inject-1.jar:/home/lassiter_at/.m2/repository/aopalliance/aopalliance/1.0/aopalliance-1.0.jar:/home/lassiter_at/.m2/repository/com/sun/jersey/contribs/jersey-guice/1.19/jersey-guice-1.19.jar:/home/lassiter_at/.m2/repository/org/apache/hadoop/hadoop-yarn-server-resourcemanager/3.2.0/hadoop-yarn-server-resourcemanager-3.2.0.jar:/home/lassiter_at/.m2/repository/org/apache/hadoop/hadoop-yarn-server-applicationhistoryservice/3.2.0/hadoop-yarn-server-applicationhistoryservice-3.2.0.jar:/home/lassiter_at/.m2/repository/de/ruedigermoeller/fst/2.50/fst-2.50.jar:/home/lassiter_at/.m2/repository/com/cedarsoftware/java-util/1.9.0/java-util-1.9.0.jar:/home/lassiter_at/.m2/repository/com/cedarsoftware/json-io/2.5.1/json-io-2.5.1.jar:/home/lassiter_at/.m2/repository/org/apache/hadoop/hadoop-yarn-server-timelineservice/3.2.0/hadoop-yarn-server-timelineservice-3.2.0.jar:/home/lassiter_at/.m2/repository/org/apache/commons/commons-csv/1.0/commons-csv-1.0.jar:/home/lassiter_at/.m2/repository/org/apache/hadoop/hadoop-yarn-common/3.2.0/hadoop-yarn-common-3.2.0.jar:/home/lassiter_at/.m2/repository/com/fasterxml/jackson/jaxrs/jackson-jaxrs-json-provider/2.9.9/jackson-jaxrs-json-provider-2.9.9.jar:/home/lassiter_at/.m2/repository/com/fasterxml/jackson/jaxrs/jackson-jaxrs-base/2.9.9/jackson-jaxrs-base-2.9.9.jar:/home/lassiter_at/.m2/repository/org/apache/hadoop/hadoop-mapreduce-client-jobclient/3.2.0/hadoop-mapreduce-client-jobclient-3.2.0-tests.jar:/home/lassiter_at/.m2/repository/org/apache/hadoop/hadoop-mapreduce-client-common/3.2.0/hadoop-mapreduce-client-common-3.2.0.jar:/home/lassiter_at/.m2/repository/com/google/inject/extensions/guice-servlet/4.0/guice-servlet-4.0.jar:/home/lassiter_at/.m2/repository/org/apache/hadoop/hadoop-hdfs/3.2.0/hadoop-hdfs-3.2.0.jar:/home/lassiter_at/.m2/repository/org/apache/hadoop/hadoop-mapreduce-client-app/3.2.0/hadoop-mapreduce-client-app-3.2.0.jar:/home/lassiter_at/.m2/repository/org/apache/hadoop/hadoop-yarn-server-web-proxy/3.2.0/hadoop-yarn-server-web-proxy-3.2.0.jar:/home/lassiter_at/.m2/repository/org/apache/hadoop/hadoop-mapreduce-client-shuffle/3.2.0/hadoop-mapreduce-client-shuffle-3.2.0.jar:/home/lassiter_at/.m2/repository/org/apache/hadoop/hadoop-yarn-api/3.2.0/hadoop-yarn-api-3.2.0.jar:/home/lassiter_at/.m2/repository/javax/xml/bind/jaxb-api/2.3.1/jaxb-api-2.3.1.jar:/home/lassiter_at/.m2/repository/javax/activation/javax.activation-api/1.2.0/javax.activation-api-1.2.0.jar:/home/lassiter_at/.m2/repository/org/apache/hadoop/hadoop-mapreduce-client-core/3.2.0/hadoop-mapreduce-client-core-3.2.0.jar:/home/lassiter_at/.m2/repository/org/apache/hadoop/hadoop-yarn-client/3.2.0/hadoop-yarn-client-3.2.0.jar:/home/lassiter_at/.m2/repository/org/apache/hadoop/hadoop-hdfs-client/3.2.0/hadoop-hdfs-client-3.2.0.jar:/home/lassiter_at/.m2/repository/com/squareup/okhttp/okhttp/2.7.5/okhttp-2.7.5.jar:/home/lassiter_at/.m2/repository/org/apache/hadoop/hadoop-mapreduce-client-jobclient/3.2.0/hadoop-mapreduce-client-jobclient-3.2.0.jar:/home/lassiter_at/.m2/repository/org/apache/hadoop/hadoop-mapreduce-client-hs/3.2.0/hadoop-mapreduce-client-hs-3.2.0.jar:/home/lassiter_at/.m2/repository/junit/junit/4.12/junit-4.12.jar:/home/lassiter_at/.m2/repository/org/hamcrest/hamcrest-core/1.3/hamcrest-core-1.3.jar:/home/lassiter_at/.m2/repository/org/mockito/mockito-core/2.23.4/mockito-core-2.23.4.jar:/home/lassiter_at/.m2/repository/net/bytebuddy/byte-buddy/1.9.16/byte-buddy-1.9.16.jar:/home/lassiter_at/.m2/repository/net/bytebuddy/byte-buddy-agent/1.9.16/byte-buddy-agent-1.9.16.jar:/home/lassiter_at/.m2/repository/org/objenesis/objenesis/2.6/objenesis-2.6.jar:/home/lassiter_at/.m2/repository/org/slf4j/slf4j-api/1.7.28/slf4j-api-1.7.28.jar:/home/lassiter_at/.m2/repository/uk/gov/gchq/palisade/common/0.4.0-SNAPSHOT/common-0.4.0-SNAPSHOT.jar:/home/lassiter_at/.m2/repository/com/fasterxml/jackson/core/jackson-core/2.9.9/jackson-core-2.9.9.jar:/home/lassiter_at/.m2/repository/com/fasterxml/jackson/core/jackson-annotations/2.9.0/jackson-annotations-2.9.0.jar:/home/lassiter_at/.m2/repository/com/fasterxml/jackson/datatype/jackson-datatype-jdk8/2.9.9/jackson-datatype-jdk8-2.9.9.jar:/home/lassiter_at/.m2/repository/com/fasterxml/jackson/datatype/jackson-datatype-jsr310/2.9.9/jackson-datatype-jsr310-2.9.9.jar:"/>
    <property name="sun.cpu.endian" value="little"/>
    <property name="user.home" value="/home/lassiter_at"/>
    <property name="user.language" value="en"/>
    <property name="java.specification.vendor" value="Oracle Corporation"/>
    <property name="java.version.date" value="2019-07-16"/>
    <property name="java.home" value="/usr/lib/jvm/java-11-openjdk-amd64"/>
    <property name="file.separator" value="/"/>
    <property name="basedir" value="/mnt/c/dev/palisade-integration-tests/resource-service-test"/>
    <property name="java.vm.compressedOopsMode" value="Zero based"/>
    <property name="line.separator" value="&#10;"/>
    <property name="java.specification.name" value="Java Platform API Specification"/>
    <property name="java.vm.specification.vendor" value="Oracle Corporation"/>
    <property name="java.awt.graphicsenv" value="sun.awt.X11GraphicsEnvironment"/>
    <property name="surefire.real.class.path" value="/mnt/c/dev/palisade-integration-tests/resource-service-test/target/surefire/surefirebooter14984511675689482219.jar"/>
    <property name="sun.management.compiler" value="HotSpot 64-Bit Tiered Compilers"/>
    <property name="java.runtime.version" value="11.0.4+11-post-Ubuntu-1ubuntu218.04.3"/>
    <property name="user.name" value="lassiter_at"/>
    <property name="path.separator" value=":"/>
    <property name="os.version" value="4.4.0-43-Microsoft"/>
    <property name="java.runtime.name" value="OpenJDK Runtime Environment"/>
    <property name="file.encoding" value="UTF-8"/>
    <property name="java.vm.name" value="OpenJDK 64-Bit Server VM"/>
    <property name="localRepository" value="/home/lassiter_at/.m2/repository"/>
    <property name="java.vendor.url.bug" value="https://bugs.launchpad.net/ubuntu/+source/openjdk-lts"/>
    <property name="java.io.tmpdir" value="/tmp"/>
    <property name="java.version" value="11.0.4"/>
    <property name="user.dir" value="/mnt/c/dev/palisade-integration-tests/resource-service-test"/>
    <property name="os.arch" value="amd64"/>
    <property name="java.vm.specification.name" value="Java Virtual Machine Specification"/>
    <property name="java.awt.printerjob" value="sun.print.PSPrinterJob"/>
    <property name="sun.os.patch.level" value="unknown"/>
    <property name="java.library.path" value="/usr/java/packages/lib:/usr/lib/x86_64-linux-gnu/jni:/lib/x86_64-linux-gnu:/usr/lib/x86_64-linux-gnu:/usr/lib/jni:/lib:/usr/lib"/>
    <property name="java.vendor" value="Ubuntu"/>
    <property name="java.vm.info" value="mixed mode"/>
    <property name="java.vm.version" value="11.0.4+11-post-Ubuntu-1ubuntu218.04.3"/>
    <property name="sun.io.unicode.encoding" value="UnicodeLittle"/>
    <property name="java.class.version" value="55.0"/>
  </properties>
  <testcase name="shouldGetResourcesByIdOfAFolder" classname="uk.gov.gchq.palisade.integrationtests.HadoopResourceServiceTest" time="2.912"/>
  <testcase name="shouldJSONSerialiser" classname="uk.gov.gchq.palisade.integrationtests.HadoopResourceServiceTest" time="0.599"/>
  <testcase name="shouldGetResourcesByType" classname="uk.gov.gchq.palisade.integrationtests.HadoopResourceServiceTest" time="1.575"/>
  <testcase name="getResourcesByIdTest" classname="uk.gov.gchq.palisade.integrationtests.HadoopResourceServiceTest" time="0.765"/>
  <testcase name="shouldGetResourcesOutsideOfScope" classname="uk.gov.gchq.palisade.integrationtests.HadoopResourceServiceTest" time="0.188"/>
  <testcase name="shouldGetFormatConnectionWhenNoTypeConnection" classname="uk.gov.gchq.palisade.integrationtests.HadoopResourceServiceTest" time="0.841"/>
  <testcase name="shouldResolveParents" classname="uk.gov.gchq.palisade.integrationtests.HadoopResourceServiceTest" time="0.165"/>
  <testcase name="shouldFilterOutIllegalFileName" classname="uk.gov.gchq.palisade.integrationtests.HadoopResourceServiceTest" time="1.263"/>
  <testcase name="shouldGetResourcesByFormat" classname="uk.gov.gchq.palisade.integrationtests.HadoopResourceServiceTest" time="2.114"/>
  <testcase name="addResourceTest" classname="uk.gov.gchq.palisade.integrationtests.HadoopResourceServiceTest" time="0.22"/>
  <testcase name="shouldGetResourcesByResource" classname="uk.gov.gchq.palisade.integrationtests.HadoopResourceServiceTest" time="1.044"/>
  <testcase name="shouldErrorWithNoConnectionDetails" classname="uk.gov.gchq.palisade.integrationtests.HadoopResourceServiceTest" time="0.833"/>
</testsuite>